<?xml version="1.0" encoding="UTF-8"?>
<!-- Generated by org.testng.reporters.JUnitReportReporter -->
<testsuite hostname="G10GGNLT049" name="com.usgbc.dev.regression.Community_RegistrationTest" tests="2" failures="0" timestamp="5 Sep 2017 05:00:44 GMT" time="133.785" errors="0">
  <testcase name="test1" time="45.309" classname="com.usgbc.dev.regression.Community_RegistrationTest"/>
  <testcase name="test2" time="88.476" classname="com.usgbc.dev.regression.Community_RegistrationTest"/>
</testsuite> <!-- com.usgbc.dev.regression.Community_RegistrationTest -->
