<?xml version="1.0" encoding="UTF-8"?>
<!-- Generated by org.testng.reporters.JUnitReportReporter -->
<testsuite hostname="G10GGNLT049" name="com.usgbc.dev.regression.Community_RegistrationTest" tests="2" failures="0" timestamp="28 Aug 2017 14:27:18 GMT" time="123.311" errors="0">
  <testcase name="test1" time="32.779" classname="com.usgbc.dev.regression.Community_RegistrationTest"/>
  <testcase name="test2" time="90.532" classname="com.usgbc.dev.regression.Community_RegistrationTest"/>
</testsuite> <!-- com.usgbc.dev.regression.Community_RegistrationTest -->
